#
# There is insufficient memory for the Java Runtime Environment to continue.
# Native memory allocation (malloc) failed to allocate 454416 bytes for Chunk::new
# Possible reasons:
#   The system is out of physical RAM or swap space
#   In 32 bit mode, the process size limit was hit
# Possible solutions:
#   Reduce memory load on the system
#   Increase physical memory or swap space
#   Check if swap backing store is full
#   Use 64 bit Java on a 64 bit OS
#   Decrease Java heap size (-Xmx/-Xms)
#   Decrease number of Java threads
#   Decrease Java thread stack sizes (-Xss)
#   Set larger code cache with -XX:ReservedCodeCacheSize=
# This output file may be truncated or incomplete.
#
#  Out of Memory Error (allocation.cpp:390), pid=6664, tid=0x0000000000000d88
#
# JRE version: OpenJDK Runtime Environment (8.0_152-b01) (build 1.8.0_152-release-915-b01)
# Java VM: OpenJDK 64-Bit Server VM (25.152-b01 mixed mode windows-amd64 compressed oops)
# Failed to write core dump. Minidumps are not enabled by default on client versions of Windows
#

---------------  T H R E A D  ---------------

Current thread (0x000000002dada000):  JavaThread "C2 CompilerThread1" daemon [_thread_in_native, id=3464, stack(0x000000002e1a0000,0x000000002e2a0000)]

Stack: [0x000000002e1a0000,0x000000002e2a0000]
[error occurred during error reporting (printing stack bounds), id 0xc0000005]

Native frames: (J=compiled Java code, j=interpreted, Vv=VM code, C=native code)


Current CompileTask:
C2:  37300 7228       4       org.gradle.cache.internal.btree.CachingBlockStore::read (56 bytes)


---------------  P R O C E S S  ---------------

Java Threads: ( => current thread )
  0x0000000032a67800 JavaThread "Task worker for ':' Thread 3" [_thread_blocked, id=2404, stack(0x0000000037f50000,0x0000000038050000)]
  0x0000000032a61800 JavaThread "Task worker for ':' Thread 2" [_thread_blocked, id=1840, stack(0x0000000037e50000,0x0000000037f50000)]
  0x0000000032a66800 JavaThread "Task worker for ':'" [_thread_blocked, id=6188, stack(0x0000000037d50000,0x0000000037e50000)]
  0x0000000032a64800 JavaThread "Cache worker for task history cache (D:\Tool\Demo_V2.3.1\MyApplication\.gradle\4.1\taskHistory)" [_thread_blocked, id=8824, stack(0x0000000037790000,0x0000000037890000)]
  0x0000000032a62000 JavaThread "Cache worker for file content cache (D:\Tool\Demo_V2.3.1\MyApplication\.gradle\4.1\fileContent)" [_thread_blocked, id=10248, stack(0x0000000037690000,0x0000000037790000)]
  0x000000002fbdb000 JavaThread "Memory manager" [_thread_blocked, id=7068, stack(0x0000000036730000,0x0000000036830000)]
  0x000000002fbda000 JavaThread "build operations Thread 4" [_thread_blocked, id=5560, stack(0x0000000036130000,0x0000000036230000)]
  0x000000002fbdc800 JavaThread "build operations Thread 3" [_thread_in_native, id=1040, stack(0x0000000036030000,0x0000000036130000)]
  0x000000002fbd9800 JavaThread "build operations Thread 2" [_thread_blocked, id=6196, stack(0x0000000035f30000,0x0000000036030000)]
  0x000000002fbd8800 JavaThread "build operations" [_thread_blocked, id=11212, stack(0x0000000035e30000,0x0000000035f30000)]
  0x000000002fbd8000 JavaThread "Cache worker for Artifact transforms cache (C:\Users\zhenh\.gradle\caches\transforms-1)" [_thread_blocked, id=9192, stack(0x0000000034230000,0x0000000034330000)]
  0x0000000031001800 JavaThread "Cache worker for file hash cache (D:\Tool\Demo_V2.3.1\MyApplication\.gradle\4.1\fileHashes)" [_thread_blocked, id=7828, stack(0x0000000031d40000,0x0000000031e40000)]
  0x000000002f44f000 JavaThread "File lock request listener" [_thread_in_native, id=228, stack(0x0000000030c70000,0x0000000030d70000)]
  0x000000002f4e8800 JavaThread "Cache worker for file hash cache (C:\Users\zhenh\.gradle\caches\4.1\fileHashes)" [_thread_blocked, id=2736, stack(0x0000000030b70000,0x0000000030c70000)]
  0x000000002ef5c000 JavaThread "Stdin handler" [_thread_blocked, id=5144, stack(0x0000000030870000,0x0000000030970000)]
  0x000000002dc79800 JavaThread "Asynchronous log dispatcher for DefaultDaemonConnection: socket connection from /127.0.0.1:57714 to /127.0.0.1:57715" [_thread_blocked, id=11056, stack(0x0000000030770000,0x0000000030870000)]
  0x000000002dc6f000 JavaThread "Daemon worker" [_thread_blocked, id=3616, stack(0x0000000030670000,0x0000000030770000)]
  0x000000002dc6a800 JavaThread "Cancel handler" [_thread_blocked, id=9104, stack(0x0000000030570000,0x0000000030670000)]
  0x000000002f2f2000 JavaThread "Handler for socket connection from /127.0.0.1:57714 to /127.0.0.1:57715" [_thread_in_native, id=6024, stack(0x0000000030270000,0x0000000030370000)]
  0x000000002e8f3000 JavaThread "Daemon" [_thread_blocked, id=5536, stack(0x0000000030170000,0x0000000030270000)]
  0x000000002e9b7000 JavaThread "Daemon periodic checks" [_thread_blocked, id=4268, stack(0x0000000030070000,0x0000000030170000)]
  0x000000002e9b6000 JavaThread "Incoming local TCP Connector on port 57714" [_thread_in_native, id=9424, stack(0x000000002ff70000,0x0000000030070000)]
  0x000000002daff800 JavaThread "Service Thread" daemon [_thread_blocked, id=11260, stack(0x000000002e3a0000,0x000000002e4a0000)]
  0x000000002daf7000 JavaThread "C1 CompilerThread2" daemon [_thread_blocked, id=11672, stack(0x000000002e2a0000,0x000000002e3a0000)]
=>0x000000002dada000 JavaThread "C2 CompilerThread1" daemon [_thread_in_native, id=3464, stack(0x000000002e1a0000,0x000000002e2a0000)]
  0x000000002c7aa800 JavaThread "C2 CompilerThread0" daemon [_thread_in_native, id=1188, stack(0x000000002e0a0000,0x000000002e1a0000)]
  0x000000002c7a9000 JavaThread "Attach Listener" daemon [_thread_blocked, id=3408, stack(0x000000002dfa0000,0x000000002e0a0000)]
  0x000000002c75e800 JavaThread "Signal Dispatcher" daemon [_thread_blocked, id=6372, stack(0x000000002dea0000,0x000000002dfa0000)]
  0x0000000004fac000 JavaThread "Finalizer" daemon [_thread_blocked, id=2348, stack(0x000000002d9a0000,0x000000002daa0000)]
  0x000000002c717000 JavaThread "Reference Handler" daemon [_thread_blocked, id=3548, stack(0x000000002d8a0000,0x000000002d9a0000)]
  0x0000000004eb2800 JavaThread "main" [_thread_blocked, id=9360, stack(0x0000000004db0000,0x0000000004eb0000)]

Other Threads:
  0x000000002c716000 VMThread [stack: 0x000000002d7a0000,0x000000002d8a0000] [id=4688]
  0x000000002db00800 WatcherThread [stack: 0x000000002e4a0000,0x000000002e5a0000] [id=5828]

VM state:not at safepoint (normal execution)

VM Mutex/Monitor currently owned by a thread: None

Heap:
 PSYoungGen      total 190464K, used 61013K [0x00000006eab00000, 0x00000006f7280000, 0x00000007c0000000)
  eden space 177152K, 26% used [0x00000006eab00000,0x00000006ed995b20,0x00000006f5800000)
  from space 13312K, 99% used [0x00000006f5800000,0x00000006f64ff9d0,0x00000006f6500000)
  to   space 11776K, 0% used [0x00000006f6500000,0x00000006f6500000,0x00000006f7080000)
 ParOldGen       total 78848K, used 24859K [0x0000000540000000, 0x0000000544d00000, 0x00000006eab00000)
  object space 78848K, 31% used [0x0000000540000000,0x0000000541846de8,0x0000000544d00000)
 Metaspace       used 53425K, capacity 55378K, committed 55512K, reserved 1097728K
  class space    used 7178K, capacity 7680K, committed 7680K, reserved 1048576K

Card table byte_map: [0x0000000014370000,0x0000000015780000] byte_map_base: 0x0000000011970000

Marking Bits: (ParMarkBitMap*) 0x0000000060243950
 Begin Bits: [0x00000000168e0000, 0x00000000208e0000)
 End Bits:   [0x00000000208e0000, 0x000000002a8e0000)

Polling page: 0x0000000002ee0000

CodeCache: size=245760Kb used=22624Kb max_used=22624Kb free=223135Kb
 bounds [0x0000000004fb0000, 0x00000000065e0000, 0x0000000013fb0000]
 total_blobs=7246 nmethods=6487 adapters=672
 compilation: enabled

Compilation events (10 events):
Event: 37.269 Thread 0x000000002daf7000 7238       3       org.gradle.api.internal.attributes.DefaultAttributesSchema$DefaultAttributeMatcher::matches (15 bytes)
Event: 37.269 Thread 0x000000002daf7000 nmethod 7238 0x0000000005c91650 code [0x0000000005c917c0, 0x0000000005c91988]
Event: 37.269 Thread 0x000000002daf7000 7240       3       org.gradle.api.internal.artifacts.ivyservice.resolveengine.artifact.DefaultArtifactSet::select (25 bytes)
Event: 37.270 Thread 0x000000002daf7000 nmethod 7240 0x00000000065dddd0 code [0x00000000065ddf80, 0x00000000065de388]
Event: 37.273 Thread 0x000000002daf7000 7241       3       java.util.concurrent.locks.AbstractQueuedSynchronizer::acquire (27 bytes)
Event: 37.273 Thread 0x000000002daf7000 nmethod 7241 0x00000000065de590 code [0x00000000065de740, 0x00000000065debf8]
Event: 37.273 Thread 0x000000002daf7000 7242       1       org.gradle.internal.logging.events.OperationIdentifier::hashCode (6 bytes)
Event: 37.273 Thread 0x000000002daf7000 nmethod 7242 0x00000000050d43d0 code [0x00000000050d4520, 0x00000000050d4630]
Event: 37.274 Thread 0x000000002daf7000 7243       1       java.util.concurrent.atomic.AtomicLong::getAndIncrement (12 bytes)
Event: 37.274 Thread 0x000000002daf7000 nmethod 7243 0x0000000005211950 code [0x0000000005211aa0, 0x0000000005211bb0]

GC Heap History (10 events):
Event: 23.675 GC heap before
{Heap before GC invocations=7 (full 1):
 PSYoungGen      total 71680K, used 71674K [0x00000006eab00000, 0x00000006f2d80000, 0x00000007c0000000)
  eden space 66560K, 100% used [0x00000006eab00000,0x00000006eec00000,0x00000006eec00000)
  from space 5120K, 99% used [0x00000006eec00000,0x00000006ef0fe9d0,0x00000006ef100000)
  to   space 10240K, 0% used [0x00000006f2380000,0x00000006f2380000,0x00000006f2d80000)
 ParOldGen       total 56832K, used 11248K [0x0000000540000000, 0x0000000543780000, 0x00000006eab00000)
  object space 56832K, 19% used [0x0000000540000000,0x0000000540afc0c8,0x0000000543780000)
 Metaspace       used 30333K, capacity 31000K, committed 31360K, reserved 1077248K
  class space    used 4127K, capacity 4355K, committed 4480K, reserved 1048576K
Event: 23.715 GC heap after
Heap after GC invocations=7 (full 1):
 PSYoungGen      total 119296K, used 8442K [0x00000006eab00000, 0x00000006f2c00000, 0x00000007c0000000)
  eden space 110592K, 0% used [0x00000006eab00000,0x00000006eab00000,0x00000006f1700000)
  from space 8704K, 96% used [0x00000006f2380000,0x00000006f2bbead8,0x00000006f2c00000)
  to   space 10752K, 0% used [0x00000006f1700000,0x00000006f1700000,0x00000006f2180000)
 ParOldGen       total 56832K, used 11320K [0x0000000540000000, 0x0000000543780000, 0x00000006eab00000)
  object space 56832K, 19% used [0x0000000540000000,0x0000000540b0e0d8,0x0000000543780000)
 Metaspace       used 30333K, capacity 31000K, committed 31360K, reserved 1077248K
  class space    used 4127K, capacity 4355K, committed 4480K, reserved 1048576K
}
Event: 25.270 GC heap before
{Heap before GC invocations=8 (full 1):
 PSYoungGen      total 119296K, used 62214K [0x00000006eab00000, 0x00000006f2c00000, 0x00000007c0000000)
  eden space 110592K, 48% used [0x00000006eab00000,0x00000006edf82da0,0x00000006f1700000)
  from space 8704K, 96% used [0x00000006f2380000,0x00000006f2bbead8,0x00000006f2c00000)
  to   space 10752K, 0% used [0x00000006f1700000,0x00000006f1700000,0x00000006f2180000)
 ParOldGen       total 56832K, used 11320K [0x0000000540000000, 0x0000000543780000, 0x00000006eab00000)
  object space 56832K, 19% used [0x0000000540000000,0x0000000540b0e0d8,0x0000000543780000)
 Metaspace       used 34398K, capacity 35300K, committed 35416K, reserved 1079296K
  class space    used 4675K, capacity 4988K, committed 4992K, reserved 1048576K
Event: 25.283 GC heap after
Heap after GC invocations=8 (full 1):
 PSYoungGen      total 121344K, used 9856K [0x00000006eab00000, 0x00000006f7080000, 0x00000007c0000000)
  eden space 110592K, 0% used [0x00000006eab00000,0x00000006eab00000,0x00000006f1700000)
  from space 10752K, 91% used [0x00000006f1700000,0x00000006f20a0180,0x00000006f2180000)
  to   space 11776K, 0% used [0x00000006f6500000,0x00000006f6500000,0x00000006f7080000)
 ParOldGen       total 56832K, used 11328K [0x0000000540000000, 0x0000000543780000, 0x00000006eab00000)
  object space 56832K, 19% used [0x0000000540000000,0x0000000540b100d8,0x0000000543780000)
 Metaspace       used 34398K, capacity 35300K, committed 35416K, reserved 1079296K
  class space    used 4675K, capacity 4988K, committed 4992K, reserved 1048576K
}
Event: 25.283 GC heap before
{Heap before GC invocations=9 (full 2):
 PSYoungGen      total 121344K, used 9856K [0x00000006eab00000, 0x00000006f7080000, 0x00000007c0000000)
  eden space 110592K, 0% used [0x00000006eab00000,0x00000006eab00000,0x00000006f1700000)
  from space 10752K, 91% used [0x00000006f1700000,0x00000006f20a0180,0x00000006f2180000)
  to   space 11776K, 0% used [0x00000006f6500000,0x00000006f6500000,0x00000006f7080000)
 ParOldGen       total 56832K, used 11328K [0x0000000540000000, 0x0000000543780000, 0x00000006eab00000)
  object space 56832K, 19% used [0x0000000540000000,0x0000000540b100d8,0x0000000543780000)
 Metaspace       used 34398K, capacity 35300K, committed 35416K, reserved 1079296K
  class space    used 4675K, capacity 4988K, committed 4992K, reserved 1048576K
Event: 25.407 GC heap after
Heap after GC invocations=9 (full 2):
 PSYoungGen      total 121344K, used 0K [0x00000006eab00000, 0x00000006f7080000, 0x00000007c0000000)
  eden space 110592K, 0% used [0x00000006eab00000,0x00000006eab00000,0x00000006f1700000)
  from space 10752K, 0% used [0x00000006f1700000,0x00000006f1700000,0x00000006f2180000)
  to   space 11776K, 0% used [0x00000006f6500000,0x00000006f6500000,0x00000006f7080000)
 ParOldGen       total 78848K, used 16064K [0x0000000540000000, 0x0000000544d00000, 0x00000006eab00000)
  object space 78848K, 20% used [0x0000000540000000,0x0000000540fb00a8,0x0000000544d00000)
 Metaspace       used 34398K, capacity 35300K, committed 35416K, reserved 1079296K
  class space    used 4675K, capacity 4988K, committed 4992K, reserved 1048576K
}
Event: 29.152 GC heap before
{Heap before GC invocations=10 (full 2):
 PSYoungGen      total 121344K, used 110592K [0x00000006eab00000, 0x00000006f7080000, 0x00000007c0000000)
  eden space 110592K, 100% used [0x00000006eab00000,0x00000006f1700000,0x00000006f1700000)
  from space 10752K, 0% used [0x00000006f1700000,0x00000006f1700000,0x00000006f2180000)
  to   space 11776K, 0% used [0x00000006f6500000,0x00000006f6500000,0x00000006f7080000)
 ParOldGen       total 78848K, used 16064K [0x0000000540000000, 0x0000000544d00000, 0x00000006eab00000)
  object space 78848K, 20% used [0x0000000540000000,0x0000000540fb00a8,0x0000000544d00000)
 Metaspace       used 41406K, capacity 42530K, committed 42840K, reserved 1085440K
  class space    used 5522K, capacity 5890K, committed 6016K, reserved 1048576K
Event: 29.183 GC heap after
Heap after GC invocations=10 (full 2):
 PSYoungGen      total 188928K, used 11774K [0x00000006eab00000, 0x00000006f7280000, 0x00000007c0000000)
  eden space 177152K, 0% used [0x00000006eab00000,0x00000006eab00000,0x00000006f5800000)
  from space 11776K, 99% used [0x00000006f6500000,0x00000006f707f9f8,0x00000006f7080000)
  to   space 13312K, 0% used [0x00000006f5800000,0x00000006f5800000,0x00000006f6500000)
 ParOldGen       total 78848K, used 16588K [0x0000000540000000, 0x0000000544d00000, 0x00000006eab00000)
  object space 78848K, 21% used [0x0000000540000000,0x00000005410330f0,0x0000000544d00000)
 Metaspace       used 41406K, capacity 42530K, committed 42840K, reserved 1085440K
  class space    used 5522K, capacity 5890K, committed 6016K, reserved 1048576K
}
Event: 35.229 GC heap before
{Heap before GC invocations=11 (full 2):
 PSYoungGen      total 188928K, used 188926K [0x00000006eab00000, 0x00000006f7280000, 0x00000007c0000000)
  eden space 177152K, 100% used [0x00000006eab00000,0x00000006f5800000,0x00000006f5800000)
  from space 11776K, 99% used [0x00000006f6500000,0x00000006f707f9f8,0x00000006f7080000)
  to   space 13312K, 0% used [0x00000006f5800000,0x00000006f5800000,0x00000006f6500000)
 ParOldGen       total 78848K, used 16588K [0x0000000540000000, 0x0000000544d00000, 0x00000006eab00000)
  object space 78848K, 21% used [0x0000000540000000,0x00000005410330f0,0x0000000544d00000)
 Metaspace       used 52068K, capacity 53942K, committed 54104K, reserved 1095680K
  class space    used 7006K, capacity 7508K, committed 7552K, reserved 1048576K
Event: 35.279 GC heap after
Heap after GC invocations=11 (full 2):
 PSYoungGen      total 190464K, used 13310K [0x00000006eab00000, 0x00000006f7280000, 0x00000007c0000000)
  eden space 177152K, 0% used [0x00000006eab00000,0x00000006eab00000,0x00000006f5800000)
  from space 13312K, 99% used [0x00000006f5800000,0x00000006f64ff9d0,0x00000006f6500000)
  to   space 11776K, 0% used [0x00000006f6500000,0x00000006f6500000,0x00000006f7080000)
 ParOldGen       total 78848K, used 24859K [0x0000000540000000, 0x0000000544d00000, 0x00000006eab00000)
  object space 78848K, 31% used [0x0000000540000000,0x0000000541846de8,0x0000000544d00000)
 Metaspace       used 52068K, capacity 53942K, committed 54104K, reserved 1095680K
  class space    used 7006K, capacity 7508K, committed 7552K, reserved 1048576K
}

Deoptimization events (10 events):
Event: 36.686 Thread 0x000000002dc6f000 Uncommon trap: reason=class_check action=maybe_recompile pc=0x00000000063f3fb4 method=com.google.common.collect.AbstractIterator.tryToComputeNext()Z @ 9
Event: 36.686 Thread 0x000000002dc6f000 Uncommon trap: reason=class_check action=maybe_recompile pc=0x00000000063f3fb4 method=com.google.common.collect.AbstractIterator.tryToComputeNext()Z @ 9
Event: 36.689 Thread 0x000000002dc6f000 Uncommon trap: reason=unstable_if action=reinterpret pc=0x0000000005eac524 method=java.util.HashMap$HashIterator.<init>(Ljava/util/HashMap;)V @ 45
Event: 36.689 Thread 0x000000002dc6f000 Uncommon trap: reason=unstable_if action=reinterpret pc=0x0000000005934b24 method=java.util.HashMap$HashIterator.<init>(Ljava/util/HashMap;)V @ 45
Event: 36.690 Thread 0x000000002dc6f000 Uncommon trap: reason=class_check action=maybe_recompile pc=0x00000000063f3fb4 method=com.google.common.collect.AbstractIterator.tryToComputeNext()Z @ 9
Event: 36.693 Thread 0x000000002dc6f000 Uncommon trap: reason=class_check action=maybe_recompile pc=0x00000000063f3fb4 method=com.google.common.collect.AbstractIterator.tryToComputeNext()Z @ 9
Event: 36.714 Thread 0x0000000032a66800 Uncommon trap: reason=bimorphic action=maybe_recompile pc=0x000000000634cdf0 method=com.google.common.collect.NaturalOrdering.compare(Ljava/lang/Comparable;Ljava/lang/Comparable;)I @ 12
Event: 36.714 Thread 0x0000000032a66800 Uncommon trap: reason=bimorphic action=maybe_recompile pc=0x000000000634cdf0 method=com.google.common.collect.NaturalOrdering.compare(Ljava/lang/Comparable;Ljava/lang/Comparable;)I @ 12
Event: 36.908 Thread 0x0000000032a66800 Uncommon trap: reason=unstable_if action=reinterpret pc=0x000000000656e4ac method=sun.security.provider.DigestBase.engineUpdate([BII)V @ 1
Event: 37.258 Thread 0x0000000032a64800 Uncommon trap: reason=bimorphic action=maybe_recompile pc=0x00000000058ccbbc method=java.io.BufferedInputStream.read1([BII)I @ 39

Classes redefined (0 events):
No events

Internal exceptions (10 events):
Event: 34.855 Thread 0x000000002dc6f000 Exception <a 'java/lang/ClassNotFoundException': org/gradle/model/internal/core/ModelMapGroovyViewBeanInfo> (0x00000006f50a2ee0) thrown at [D:\src\AOSP-openjdk-cygwin\jdk8u\hotspot\src\share\vm\classfile\systemDictionary.cpp, line 210]
Event: 34.855 Thread 0x000000002dc6f000 Exception <a 'java/lang/ClassNotFoundException': org/gradle/model/internal/core/ModelMapGroovyViewCustomizer> (0x00000006f50b5ff8) thrown at [D:\src\AOSP-openjdk-cygwin\jdk8u\hotspot\src\share\vm\classfile\systemDictionary.cpp, line 210]
Event: 34.857 Thread 0x000000002dc6f000 Exception <a 'java/lang/ClassNotFoundException': org/gradle/model/internal/core/NodeBackedModelMapCustomizer> (0x00000006f50dc5d8) thrown at [D:\src\AOSP-openjdk-cygwin\jdk8u\hotspot\src\share\vm\classfile\systemDictionary.cpp, line 210]
Event: 34.862 Thread 0x000000002dc6f000 Exception <a 'java/lang/ClassNotFoundException': org/gradle/platform/base/BinaryContainer_ImplCustomizer> (0x00000006f513c890) thrown at [D:\src\AOSP-openjdk-cygwin\jdk8u\hotspot\src\share\vm\classfile\systemDictionary.cpp, line 210]
Event: 35.377 Thread 0x000000002dc6f000 Exception <a 'java/lang/NoSuchMethodError': <clinit>> (0x00000006eac5ae00) thrown at [D:\src\AOSP-openjdk-cygwin\jdk8u\hotspot\src\share\vm\prims\jni.cpp, line 1613]
Event: 35.379 Thread 0x000000002dc6f000 Exception <a 'java/lang/NoSuchMethodError': <clinit>> (0x00000006eac699b0) thrown at [D:\src\AOSP-openjdk-cygwin\jdk8u\hotspot\src\share\vm\prims\jni.cpp, line 1613]
Event: 35.416 Thread 0x000000002dc6f000 Exception <a 'java/lang/NoSuchMethodError': <clinit>> (0x00000006ead037e0) thrown at [D:\src\AOSP-openjdk-cygwin\jdk8u\hotspot\src\share\vm\prims\jni.cpp, line 1613]
Event: 35.419 Thread 0x000000002dc6f000 Exception <a 'java/lang/NoSuchMethodError': <clinit>> (0x00000006ead1f4e0) thrown at [D:\src\AOSP-openjdk-cygwin\jdk8u\hotspot\src\share\vm\prims\jni.cpp, line 1613]
Event: 35.419 Thread 0x000000002dc6f000 Exception <a 'java/lang/NoSuchMethodError': <clinit>> (0x00000006ead21348) thrown at [D:\src\AOSP-openjdk-cygwin\jdk8u\hotspot\src\share\vm\prims\jni.cpp, line 1613]
Event: 35.914 Thread 0x000000002fbd8800 Implicit null exception at 0x00000000055311b0 to 0x00000000055314a1

Events (10 events):
Event: 36.917 loading class org/gradle/api/internal/artifacts/ivyservice/ShortCircuitEmptyConfigurationResolver$EmptyResolvedConfiguration done
Event: 36.988 loading class org/gradle/api/internal/changedetection/state/SetValueSnapshot
Event: 36.988 loading class org/gradle/api/internal/changedetection/state/SetValueSnapshot done
Event: 36.993 loading class com/android/builder/model/SourceProvider
Event: 36.993 loading class com/android/builder/model/SourceProvider done
Event: 37.257 Thread 0x0000000032a64800 Uncommon trap: trap_request=0xffffffc6 fr.pc=0x00000000058ccbbc
Event: 37.258 Executing VM operation: RevokeBias
Event: 37.258 Executing VM operation: RevokeBias done
Event: 37.258 Thread 0x0000000032a64800 DEOPT PACKING pc=0x00000000058ccbbc sp=0x000000003788e180
Event: 37.258 Thread 0x0000000032a64800 DEOPT UNPACKING pc=0x0000000004ff556a sp=0x000000003788e0a8 mode 2


Dynamic libraries:
0x00007ff6a9990000 - 0x00007ff6a99c1000 	D:\Program\Android\jre\bin\java.exe
0x00007ffd9f6a0000 - 0x00007ffd9f880000 	C:\Windows\SYSTEM32\ntdll.dll
0x00007ffd9f000000 - 0x00007ffd9f0ae000 	C:\Windows\System32\KERNEL32.DLL
0x00007ffd9c750000 - 0x00007ffd9c9b6000 	C:\Windows\System32\KERNELBASE.dll
0x00007ffd9f450000 - 0x00007ffd9f4f1000 	C:\Windows\System32\ADVAPI32.dll
0x00007ffd9f240000 - 0x00007ffd9f2dd000 	C:\Windows\System32\msvcrt.dll
0x00007ffd9f110000 - 0x00007ffd9f16b000 	C:\Windows\System32\sechost.dll
0x00007ffd9eee0000 - 0x00007ffd9efff000 	C:\Windows\System32\RPCRT4.dll
0x00007ffd9e070000 - 0x00007ffd9e1ff000 	C:\Windows\System32\USER32.dll
0x00007ffd9ba60000 - 0x00007ffd9ba80000 	C:\Windows\System32\win32u.dll
0x00007ffd9e490000 - 0x00007ffd9e4b8000 	C:\Windows\System32\GDI32.dll
0x00007ffd9c380000 - 0x00007ffd9c513000 	C:\Windows\System32\gdi32full.dll
0x00007ffd9bb80000 - 0x00007ffd9bc1b000 	C:\Windows\System32\msvcp_win.dll
0x00007ffd9ba80000 - 0x00007ffd9bb76000 	C:\Windows\System32\ucrtbase.dll
0x00007ffd90d70000 - 0x00007ffd90fd9000 	C:\Windows\WinSxS\amd64_microsoft.windows.common-controls_6595b64144ccf1df_6.0.16299.248_none_15ced204935f55d7\COMCTL32.dll
0x00007ffd9e910000 - 0x00007ffd9ec18000 	C:\Windows\System32\combase.dll
0x00007ffd9c5d0000 - 0x00007ffd9c642000 	C:\Windows\System32\bcryptPrimitives.dll
0x00007ffd9f170000 - 0x00007ffd9f19d000 	C:\Windows\System32\IMM32.DLL
0x000000005f9a0000 - 0x000000005fa72000 	D:\Program\Android\jre\jre\bin\msvcr100.dll
0x000000005fa80000 - 0x00000000602be000 	D:\Program\Android\jre\jre\bin\server\jvm.dll
0x00007ffd9b7b0000 - 0x00007ffd9b7d3000 	C:\Windows\System32\WINMM.dll
0x00007ffd9b720000 - 0x00007ffd9b74a000 	C:\Windows\System32\WINMMBASE.dll
0x00007ffd9c650000 - 0x00007ffd9c69a000 	C:\Windows\System32\cfgmgr32.dll
0x00007ffd9f1b0000 - 0x00007ffd9f1b8000 	C:\Windows\System32\PSAPI.DLL
0x00007ffd978a0000 - 0x00007ffd978a9000 	C:\Windows\SYSTEM32\WSOCK32.dll
0x00007ffd9f3e0000 - 0x00007ffd9f44c000 	C:\Windows\System32\WS2_32.dll
0x00007ffd93b10000 - 0x00007ffd93b1a000 	C:\Windows\SYSTEM32\VERSION.dll
0x00007ffd86390000 - 0x00007ffd8639f000 	D:\Program\Android\jre\jre\bin\verify.dll
0x00007ffd6e6d0000 - 0x00007ffd6e6f9000 	D:\Program\Android\jre\jre\bin\java.dll
0x00007ffd6ec30000 - 0x00007ffd6ec46000 	D:\Program\Android\jre\jre\bin\zip.dll
0x00007ffd9c9e0000 - 0x00007ffd9de16000 	C:\Windows\System32\SHELL32.dll
0x00007ffd9de20000 - 0x00007ffd9dec6000 	C:\Windows\System32\shcore.dll
0x00007ffd9bc30000 - 0x00007ffd9c377000 	C:\Windows\System32\windows.storage.dll
0x00007ffd9e410000 - 0x00007ffd9e461000 	C:\Windows\System32\shlwapi.dll
0x00007ffd9b790000 - 0x00007ffd9b7a1000 	C:\Windows\System32\kernel.appcore.dll
0x00007ffd9b7e0000 - 0x00007ffd9b82c000 	C:\Windows\System32\powrprof.dll
0x00007ffd9b750000 - 0x00007ffd9b76b000 	C:\Windows\System32\profapi.dll
0x00007ffd770d0000 - 0x00007ffd770ea000 	D:\Program\Android\jre\jre\bin\net.dll
0x00007ffd9af80000 - 0x00007ffd9afe6000 	C:\Windows\system32\mswsock.dll
0x00007ffd6e160000 - 0x00007ffd6e171000 	D:\Program\Android\jre\jre\bin\nio.dll
0x00007ffd976a0000 - 0x00007ffd976be000 	C:\Users\zhenh\.gradle\native\25\windows-amd64\native-platform.dll
0x00007ffd96370000 - 0x00007ffd9637d000 	D:\Program\Android\jre\jre\bin\management.dll
0x00007ffd9b140000 - 0x00007ffd9b157000 	C:\Windows\SYSTEM32\CRYPTSP.dll
0x00007ffd9ab90000 - 0x00007ffd9abc3000 	C:\Windows\system32\rsaenh.dll
0x00007ffd9b250000 - 0x00007ffd9b275000 	C:\Windows\SYSTEM32\bcrypt.dll
0x00007ffd9b650000 - 0x00007ffd9b679000 	C:\Windows\SYSTEM32\USERENV.dll
0x00007ffd9b160000 - 0x00007ffd9b16b000 	C:\Windows\SYSTEM32\CRYPTBASE.dll
0x00007ffd9ad10000 - 0x00007ffd9ad49000 	C:\Windows\SYSTEM32\IPHLPAPI.DLL
0x00007ffd9f500000 - 0x00007ffd9f508000 	C:\Windows\System32\NSI.dll
0x00007ffd92970000 - 0x00007ffd92986000 	C:\Windows\SYSTEM32\dhcpcsvc6.DLL
0x00007ffd92bc0000 - 0x00007ffd92bda000 	C:\Windows\SYSTEM32\dhcpcsvc.DLL

VM Arguments:
jvm_args: -XX:MaxPermSize=4096m -XX:+HeapDumpOnOutOfMemoryError -Xmx10240m -Dfile.encoding=UTF-8 -Duser.country=CN -Duser.language=zh -Duser.variant 
java_command: org.gradle.launcher.daemon.bootstrap.GradleDaemon 4.1
java_class_path (initial): C:\Users\zhenh\.gradle\wrapper\dists\gradle-4.1-all\bzyivzo6n839fup2jbap0tjew\gradle-4.1\lib\gradle-launcher-4.1.jar
Launcher Type: SUN_STANDARD

Environment Variables:
JAVA_HOME=C:\Program Files\Java\jdk1.8.0_65
CLASSPATH=.;C:\Program Files\Java\jdk1.8.0_65\lib;C:\Program Files\Java\jdk1.8.0_65\lib\dt.jar;C:\Program Files\Java\jdk1.8.0_65\lib\tools.jar
PATH=C:\Android_SDK\platform-tools;C:\Program Files (x86)\Intel\iCLS Client\;C:\Program Files\Intel\iCLS Client\;C:\Windows\system32;C:\Windows;C:\Windows\System32\Wbem;C:\Windows\System32\WindowsPowerShell\v1.0\;C:\Program Files\Intel\Intel(R) Management Engine Components\DAL;C:\Program Files (x86)\Intel\Intel(R) Management Engine Components\DAL;C:\Program Files\Intel\Intel(R) Management Engine Components\IPT;C:\Program Files (x86)\Intel\Intel(R) Management Engine Components\IPT;C:\Program Files\Java\jdk1.8.0_65\bin;C:\Program Files\Android\Android Studio\gradle\gradle-2.14.1\bin;C:\Android_SDK\build-tools\25.0.3;C:\Users\zhenh\AppData\Local\Microsoft\WindowsApps;
USERNAME=zhenh
OS=Windows_NT
PROCESSOR_IDENTIFIER=Intel64 Family 6 Model 61 Stepping 4, GenuineIntel



---------------  S Y S T E M  ---------------

OS: Windows 10.0 , 64 bit Build 16299 (10.0.16299.15)

CPU:total 4 (initial active 4) (2 cores per cpu, 2 threads per core) family 6 model 61 stepping 4, cmov, cx8, fxsr, mmx, sse, sse2, sse3, ssse3, sse4.1, sse4.2, popcnt, avx, avx2, aes, clmul, erms, rtm, 3dnowpref, lzcnt, ht, tsc, tscinvbit, bmi1, bmi2, adx

Memory: 4k page, physical 8277512k(549916k free), swap 13505412k(4172k free)

vm_info: OpenJDK 64-Bit Server VM (25.152-b01) for windows-amd64 JRE (1.8.0_152-release-915-b01), built by "builder" with MS VC++ 10.0 (VS2010)

time: Sat Feb 24 15:55:22 2018
elapsed time: 37 seconds (0d 0h 0m 37s)

